+---------------------------------------------------------------------+
| Polaris Software Integrity Platform (TM) CLI Scan Client.           |
| Copyright © 2016-2021 Synopsys, Inc. All rights reserved worldwide. |
+---------------------------------------------------------------------+

[INFO] [kvjef4t0] Polaris Software Integrity Platform CLI Scan Client version - 1.18.22
[INFO] [kvjef4t0] -------------------------------------------------------------------------------
[INFO] [kvjef4t0] initialize
[INFO] [kvjef4t0] -------------------------------------------------------------------------------
[INFO] [kvjef4t0] Server: https://prosightspecialty.polaris.synopsys.com
[INFO] [kvjef4t0] Checking for valid access token...
[INFO] [kvjef4t0] Access token located in 'Windows Credential Manager' with access token name 'Polaris Access Token' and username 'polaris'
[INFO] [kvjef4t0] Access token ok.
[INFO] [kvjef4t0] Checking status...
[INFO] [kvjef4t0] Status ok.
[INFO] [kvjef4t0] Performing requested phase 'analyze' on behalf of 'nshah' from 'prosight' organization
[INFO] [kvjef4t0] initialize phase took 1.187s.
[INFO] [kvjef4t0] -------------------------------------------------------------------------------
[INFO] [kvjef4t0] setup
[INFO] [kvjef4t0] -------------------------------------------------------------------------------
[INFO] [kvjef4t0] Checking if configuration file 'polaris-local.yml' already exists...
[INFO] [kvjef4t0] Configuration file already exists. Getting project name from local configuration file.
[INFO] [kvjef4t0] Project name PSI-Servicing Portals-PSOU-WebApp found in local configuration.
[INFO] [kvjef4t0] Using project name 'PSI-Servicing Portals-PSOU-WebApp', trying to fetch configuration from configuration service.
[INFO] [kvjef4t0] Either the project doesn't exist or the user doesn't have access to the project.
[INFO] [kvjef4t0] Local configuration will be used.
[INFO] [kvjef4t0] setup phase took 0.83s.
[INFO] [kvjef4t0] -------------------------------------------------------------------------------
[INFO] [kvjef4t0] configure
[INFO] [kvjef4t0] -------------------------------------------------------------------------------
[INFO] [kvjef4t0] Loading configuration from configuration context.
[INFO] [kvjef4t0] Project Directory is set to 'C:\Development\PSI-PSOU-WebApp' 
[INFO] [kvjef4t0] Validating configuration file...
[INFO] [kvjef4t0] The configuration file is valid.
[INFO] [kvjef4t0] configure phase took 0.721s.
[INFO] [kvjef4t0] ===============================================================================
[INFO] [kvjef4t0] Executing COVERITY
[INFO] [kvjef4t0] -------------------------------------------------------------------------------
[INFO] [kvjef4t0] Coverity - install
[INFO] [kvjef4t0] -------------------------------------------------------------------------------
[INFO] [kvjef4t0] Looking for user installed Coverity analysis tools...
[INFO] [kvjef4t0] Found an installation at 'C:\Users\nshah\AppData\Roaming\Synopsys\desktop\controller\installedtools\coverity-analysis\2021.9.3' from 'C:\Users\nshah\AppData\Roaming\Coverity\coverity.conf'
[INFO] [kvjef4t0] Coverity - install phase took 0.858s.
[INFO] [kvjef4t0] -------------------------------------------------------------------------------
[INFO] [kvjef4t0] Coverity - capture
[INFO] [kvjef4t0] -------------------------------------------------------------------------------
[INFO] [kvjef4t0] Starting capture...
[INFO] [kvjef4t0] Writing configuration to capture directory...
[INFO] [kvjef4t0] Configuration written successfully.
[INFO] [kvjef4t0] Starting Coverity capture...
[INFO] [kvjef4t0] Running Coverity capture...
[INFO] [kvjef4t0] Running Coverity file system capture...
Coverity Buildless Capture version 2021.9.3 on Windows 10 Enterprise, 64-bit (build 19043)
Internal version numbers: 23f656d792 p-2021.9-push-691

[INFO] Considering listed files for Java, JavaScript, PHP, Python, Ruby, and Web App Configuration.
[INFO] Finished considering listed files for Java, JavaScript, PHP, Python, Ruby, and Web App Configuration.
[INFO] Successfully found JavaScript files.
[INFO] Successfully found HTML (JavaScript) files.
[INFO] Successfully found Python files.
[INFO] Successfully found Configuration Files (Web App Configuration) files.
[INFO] Emitting source group 1 of 4.
[INFO] Emitting source group 2 of 4.
[INFO] Emitting source group 3 of 4.
[INFO] Emitting source group 4 of 4.
[INFO] Emitted 8 JavaScript compilation units (100%) successfully.
[INFO] Emitted 50 Python 3 compilation units (100%) successfully.
[INFO] Emitted 20 Text data compilation units (100%) successfully.
[INFO] [kvjef4t0] 84 translation units were captured for Coverity analysis.
[INFO] [kvjef4t0] Coverity capture successful.
[INFO] [kvjef4t0] Capture completed successfully.
[INFO] [kvjef4t0] Coverity - capture phase took 2m 30.48s.
[INFO] [kvjef4t0] -------------------------------------------------------------------------------
[INFO] [kvjef4t0] Coverity - prepare
[INFO] [kvjef4t0] -------------------------------------------------------------------------------
[INFO] [kvjef4t0] Preparing artifacts for submission...
[INFO] [kvjef4t0] Preparing Coverity artifacts for analysis...
[INFO] [kvjef4t0] Done.
[INFO] [kvjef4t0] Artifacts are now ready to be submitted.
[INFO] [kvjef4t0] Coverity - prepare phase took 0.351s.
[INFO] [kvjef4t0] -------------------------------------------------------------------------------
[INFO] [kvjef4t0] Coverity - analyze
[INFO] [kvjef4t0] -------------------------------------------------------------------------------
[INFO] [kvjef4t0] Project created in Portal with name PSI-Servicing Portals-PSOU-WebApp.
[INFO] [kvjef4t0] Submitting Coverity data for analysis...
[INFO] [kvjef4t0] Uploading ".polaris-coverity.zip": 2.1379MB
|0----------25-----------50----------75---------100|
****************************************************
[INFO] [kvjef4t0] Upload finished after 3.086s (709.28KB / second)
[INFO] [kvjef4t0] Upload complete.
[INFO] [kvjef4t0] Scheduled Coverity analysis job. Job ID is 'hlc0mloe5p50v07k106146vajs'
[INFO] [kvjef4t0] Upload complete.
Saving CLI Scan Job details to C:\Development\PSI-PSOU-WebApp\.synopsys\polaris\cli-scan.json
[INFO] [kvjef4t0] Waiting for analysis job to finish...
Waiting for the analysis job to be started...
The analysis job has been started.
|0----------25-----------50----------75---------100|
****************************************************

[INFO] [kvjef4t0] Coverity job completed successfully!

[INFO] [kvjef4t0] Coverity - analyze phase took 16m 52.103s.
Analysis Completed.
Coverity analysis
{
 "JobId": "hlc0mloe5p50v07k106146vajs",
 "Status": "Success"
}
Job issue summary
{
 "IssuesBySeverity": {
  "Critical": 0,
  "High": 0,
  "Medium": 6,
  "Low": 0
 },
 "Total": 6,
 "NewIssues": 6,
 "ClosedIssues": 0,
 "SummaryUrl": "https://prosightspecialty.polaris.synopsys.com/projects/d67c30b1-682b-4d43-9aa6-4465032c6ef5/branches/6ed6ad6a-3160-47a3-8371-1ab51cab1d1c"
}
